Determining if the pthread_create exist failed with the following output:
Change Dir: /home/wangneng/catkin_ws/src/grasp_place/cmake-build-debug/CMakeFiles/CMakeTmp

Run Build Command(s):/usr/bin/make cmTC_fa1d6/fast 
/usr/bin/make -f CMakeFiles/cmTC_fa1d6.dir/build.make CMakeFiles/cmTC_fa1d6.dir/build
make[1]: Entering directory '/home/wangneng/catkin_ws/src/grasp_place/cmake-build-debug/CMakeFiles/CMakeTmp'
Building C object CMakeFiles/cmTC_fa1d6.dir/CheckSymbolExists.c.o
/usr/bin/cc    -o CMakeFiles/cmTC_fa1d6.dir/CheckSymbolExists.c.o   -c /home/wangneng/catkin_ws/src/grasp_place/cmake-build-debug/CMakeFiles/CMakeTmp/CheckSymbolExists.c
Linking C executable cmTC_fa1d6
/home/wangneng/software/clion-2019.1.4/bin/cmake/linux/bin/cmake -E cmake_link_script CMakeFiles/cmTC_fa1d6.dir/link.txt --verbose=1
/usr/bin/cc      -rdynamic CMakeFiles/cmTC_fa1d6.dir/CheckSymbolExists.c.o  -o cmTC_fa1d6 
CMakeFiles/cmTC_fa1d6.dir/CheckSymbolExists.c.o: In function `main':
CheckSymbolExists.c:(.text+0x16): undefined reference to `pthread_create'
collect2: error: ld returned 1 exit status
CMakeFiles/cmTC_fa1d6.dir/build.make:86: recipe for target 'cmTC_fa1d6' failed
make[1]: *** [cmTC_fa1d6] Error 1
make[1]: Leaving directory '/home/wangneng/catkin_ws/src/grasp_place/cmake-build-debug/CMakeFiles/CMakeTmp'
Makefile:121: recipe for target 'cmTC_fa1d6/fast' failed
make: *** [cmTC_fa1d6/fast] Error 2

File /home/wangneng/catkin_ws/src/grasp_place/cmake-build-debug/CMakeFiles/CMakeTmp/CheckSymbolExists.c:
/* */
#include <pthread.h>

int main(int argc, char** argv)
{
  (void)argv;
#ifndef pthread_create
  return ((int*)(&pthread_create))[argc];
#else
  (void)argc;
  return 0;
#endif
}

Determining if the function pthread_create exists in the pthreads failed with the following output:
Change Dir: /home/wangneng/catkin_ws/src/grasp_place/cmake-build-debug/CMakeFiles/CMakeTmp

Run Build Command(s):/usr/bin/make cmTC_5cf5e/fast 
/usr/bin/make -f CMakeFiles/cmTC_5cf5e.dir/build.make CMakeFiles/cmTC_5cf5e.dir/build
make[1]: Entering directory '/home/wangneng/catkin_ws/src/grasp_place/cmake-build-debug/CMakeFiles/CMakeTmp'
Building C object CMakeFiles/cmTC_5cf5e.dir/CheckFunctionExists.c.o
/usr/bin/cc   -DCHECK_FUNCTION_EXISTS=pthread_create   -o CMakeFiles/cmTC_5cf5e.dir/CheckFunctionExists.c.o   -c /home/wangneng/software/clion-2019.1.4/bin/cmake/linux/share/cmake-3.14/Modules/CheckFunctionExists.c
Linking C executable cmTC_5cf5e
/home/wangneng/software/clion-2019.1.4/bin/cmake/linux/bin/cmake -E cmake_link_script CMakeFiles/cmTC_5cf5e.dir/link.txt --verbose=1
/usr/bin/cc  -DCHECK_FUNCTION_EXISTS=pthread_create    -rdynamic CMakeFiles/cmTC_5cf5e.dir/CheckFunctionExists.c.o  -o cmTC_5cf5e -lpthreads 
/usr/bin/ld: cannot find -lpthreads
collect2: error: ld returned 1 exit status
CMakeFiles/cmTC_5cf5e.dir/build.make:86: recipe for target 'cmTC_5cf5e' failed
make[1]: *** [cmTC_5cf5e] Error 1
make[1]: Leaving directory '/home/wangneng/catkin_ws/src/grasp_place/cmake-build-debug/CMakeFiles/CMakeTmp'
Makefile:121: recipe for target 'cmTC_5cf5e/fast' failed
make: *** [cmTC_5cf5e/fast] Error 2


